<?xml version="1.0" encoding="UTF-8"?>
<testsuite xmlns:xsi="http://www.w3.org/2001/XMLSchema-instance" xsi:noNamespaceSchemaLocation="https://maven.apache.org/surefire/maven-surefire-plugin/xsd/surefire-test-report.xsd" name="com.example.Searching.apis.kakao.KakaoApiClientTest" time="0.127" tests="1" errors="1" skipped="0" failures="0">
  <properties>
[...]
</properties>
  <testcase name="testSearchPlace" classname="com.example.Searching.apis.kakao.KakaoApiClientTest" time="0.096">
    <error message="401 Unauthorized: &quot;{&quot;errorType&quot;:&quot;AccessDeniedError&quot;,&quot;message&quot;:&quot;wrong appKey($api.kakao.key) format&quot;}&quot;" type="org.springframework.web.client.HttpClientErrorException$Unauthorized">org.springframework.web.client.HttpClientErrorException$Unauthorized: 401 Unauthorized: "{"errorType":"AccessDeniedError","message":"wrong appKey($api.kakao.key) format"}"
	at com.example.Searching.apis.kakao.KakaoApiClientTest.testSearchPlace(KakaoApiClientTest.java:21)
</error>
    <system-out><![CDATA[2023-03-22 22:57:32.675  INFO 45857 --- [           main] .b.t.c.SpringBootTestContextBootstrapper : Neither @ContextConfiguration nor @ContextHierarchy found for test class [com.example.Searching.apis.kakao.KakaoApiClientTest], using SpringBootContextLoader
2023-03-22 22:57:32.676  INFO 45857 --- [           main] o.s.t.c.support.AbstractContextLoader    : Could not detect default resource locations for test class [com.example.Searching.apis.kakao.KakaoApiClientTest]: no resource found for suffixes {-context.xml, Context.groovy}.
2023-03-22 22:57:32.677  INFO 45857 --- [           main] t.c.s.AnnotationConfigContextLoaderUtils : Could not detect default configuration classes for test class [com.example.Searching.apis.kakao.KakaoApiClientTest]: KakaoApiClientTest does not declare any static, non-private, non-final, nested classes annotated with @Configuration.
2023-03-22 22:57:32.697  INFO 45857 --- [           main] .b.t.c.SpringBootTestContextBootstrapper : Found @SpringBootConfiguration com.example.Searching.SearchingApplication for test class com.example.Searching.apis.kakao.KakaoApiClientTest
2023-03-22 22:57:32.700  INFO 45857 --- [           main] .b.t.c.SpringBootTestContextBootstrapper : Loaded default TestExecutionListener class names from location [META-INF/spring.factories]: [org.springframework.boot.test.mock.mockito.MockitoTestExecutionListener, org.springframework.boot.test.mock.mockito.ResetMocksTestExecutionListener, org.springframework.boot.test.autoconfigure.restdocs.RestDocsTestExecutionListener, org.springframework.boot.test.autoconfigure.web.client.MockRestServiceServerResetTestExecutionListener, org.springframework.boot.test.autoconfigure.web.servlet.MockMvcPrintOnlyOnFailureTestExecutionListener, org.springframework.boot.test.autoconfigure.web.servlet.WebDriverTestExecutionListener, org.springframework.boot.test.autoconfigure.webservices.client.MockWebServiceServerTestExecutionListener, org.springframework.test.context.web.ServletTestExecutionListener, org.springframework.test.context.support.DirtiesContextBeforeModesTestExecutionListener, org.springframework.test.context.event.ApplicationEventsTestExecutionListener, org.springframework.test.context.support.DependencyInjectionTestExecutionListener, org.springframework.test.context.support.DirtiesContextTestExecutionListener, org.springframework.test.context.transaction.TransactionalTestExecutionListener, org.springframework.test.context.jdbc.SqlScriptsTestExecutionListener, org.springframework.test.context.event.EventPublishingTestExecutionListener, org.springframework.security.test.context.support.WithSecurityContextTestExecutionListener, org.springframework.security.test.context.support.ReactorContextTestExecutionListener]
2023-03-22 22:57:32.701  INFO 45857 --- [           main] .b.t.c.SpringBootTestContextBootstrapper : Using TestExecutionListeners: [org.springframework.test.context.web.ServletTestExecutionListener@3d562fde, org.springframework.test.context.support.DirtiesContextBeforeModesTestExecutionListener@6e68cd0f, org.springframework.test.context.event.ApplicationEventsTestExecutionListener@4f5bb24d, org.springframework.boot.test.mock.mockito.MockitoTestExecutionListener@486b35d5, org.springframework.boot.test.autoconfigure.SpringBootDependencyInjectionTestExecutionListener@44cfdbd9, org.springframework.test.context.support.DirtiesContextTestExecutionListener@6ce766fa, org.springframework.test.context.transaction.TransactionalTestExecutionListener@7ebc78f1, org.springframework.test.context.jdbc.SqlScriptsTestExecutionListener@6fe83f6e, org.springframework.test.context.event.EventPublishingTestExecutionListener@55c33059, org.springframework.security.test.context.support.WithSecurityContextTestExecutionListener@2445cad, org.springframework.security.test.context.support.ReactorContextTestExecutionListener@1f22d7e4, org.springframework.boot.test.mock.mockito.ResetMocksTestExecutionListener@311f8821, org.springframework.boot.test.autoconfigure.restdocs.RestDocsTestExecutionListener@7d1237a3, org.springframework.boot.test.autoconfigure.web.client.MockRestServiceServerResetTestExecutionListener@5d93ad98, org.springframework.boot.test.autoconfigure.web.servlet.MockMvcPrintOnlyOnFailureTestExecutionListener@5407cc39, org.springframework.boot.test.autoconfigure.web.servlet.WebDriverTestExecutionListener@19941818, org.springframework.boot.test.autoconfigure.webservices.client.MockWebServiceServerTestExecutionListener@75d78ba6]
]]></system-out>
  </testcase>
</testsuite>