-------------------------------------------------------------------------------
Test set: com.example.Searching.apis.searching.place.controller.PlaceSearchControllerTest
-------------------------------------------------------------------------------
Tests run: 1, Failures: 1, Errors: 0, Skipped: 0, Time elapsed: 14.85 s <<< FAILURE! - in com.example.Searching.apis.searching.place.controller.PlaceSearchControllerTest
testSearchPlace  Time elapsed: 0.351 s  <<< FAILURE!
java.lang.AssertionError: Status expected:<200> but was:<401>
	at com.example.Searching.apis.searching.place.controller.PlaceSearchControllerTest.testSearchPlace(PlaceSearchControllerTest.java:27)

